Build started 18/10/2017 11:42:23.
     1>Project "C:\hlocal\IG2.1\freeglut project 3D\freeglut project 3D.vcxproj" on node 2 (Build target(s)).
     1>ClCompile:
         C:\software\programacion\MSVStudio2013\VC\bin\CL.exe /c /IC:\hlocal\IG2.1\freeglut\include\ /ZI /nologo /W3 /WX- /Od /Oy- /D _MBCS /Gm /EHsc /RTC1 /MDd /GS /fp:precise /Zc:wchar_t /Zc:forScope /Fo"Debug\\" /Fd"Debug\vc120.pdb" /Gd /TP /analyze- /errorReport:prompt Coche.cpp
         Coche.cpp
     1>c:\hlocal\ig2.1\freeglut project 3d\coche.cpp(11): warning C4305: 'argument' : truncation from 'double' to 'GLfloat'
     1>c:\hlocal\ig2.1\freeglut project 3d\coche.cpp(12): warning C4305: 'argument' : truncation from 'double' to 'GLfloat'
     1>c:\hlocal\ig2.1\freeglut project 3d\coche.cpp(23): warning C4244: 'argument' : conversion from 'GLdouble' to 'GLfloat', possible loss of data
     1>c:\hlocal\ig2.1\freeglut project 3d\coche.cpp(34): warning C4305: 'argument' : truncation from 'double' to 'GLfloat'
     1>c:\hlocal\ig2.1\freeglut project 3d\coche.cpp(44): warning C4305: 'argument' : truncation from 'double' to 'GLfloat'
       Link:
         C:\software\programacion\MSVStudio2013\VC\bin\link.exe /ERRORREPORT:PROMPT /OUT:"C:\hlocal\IG2.1\Debug\freeglut project 3D.exe" /INCREMENTAL /NOLOGO /LIBPATH:C:\hlocal\IG2.1\freeglut\lib\ kernel32.lib user32.lib gdi32.lib winspool.lib comdlg32.lib advapi32.lib shell32.lib ole32.lib oleaut32.lib uuid.lib odbc32.lib odbccp32.lib /MANIFEST /MANIFESTUAC:"level='asInvoker' uiAccess='false'" /manifest:embed /DEBUG /PDB:"C:\hlocal\IG2.1\Debug\freeglut project 3D.pdb" /TLBID:1 /DYNAMICBASE /NXCOMPAT /IMPLIB:"C:\hlocal\IG2.1\Debug\freeglut project 3D.lib" /MACHINE:X86 Debug\Arbol.obj
         Debug\Cara.obj
         Debug\Coche.obj
         Debug\Cube.obj
         Debug\Cylinder.obj
         Debug\Disk.obj
         Debug\Escena.obj
         Debug\main.obj
         Debug\Malla.obj
         Debug\ObjetoCompuesto.obj
         Debug\ObjetoCuadrico.obj
         Debug\ParcialDisk.obj
         Debug\PuntoVector3D.obj
         Debug\Rueda.obj
         Debug\Sphere.obj
         freeglut project 3D.vcxproj -> C:\hlocal\IG2.1\Debug\freeglut project 3D.exe
     1>Done Building Project "C:\hlocal\IG2.1\freeglut project 3D\freeglut project 3D.vcxproj" (Build target(s)).

Build succeeded.

Time Elapsed 00:00:00.52
