c:\users\user\desktop\docencia\ig\gco (máster) 15-16\esqueletos\freeglut project 3d (2012)\freeglut project 3d\debug\main.obj
c:\users\user\desktop\docencia\ig\gco (máster) 15-16\esqueletos\freeglut project 3d (2012)\freeglut project 3d\debug\vc110.pdb
c:\users\user\desktop\freeglut project 3d (2012)\freeglut project 3d\debug\main.obj
c:\users\user\desktop\freeglut project 3d (2012)\freeglut project 3d\debug\vc110.pdb
c:\users\user\desktop\docencia\ig\gco (máster) 15-16\esqueletos\freeglut project 3d (2012)\debug\freeglut project 3d.ilk
c:\users\user\desktop\docencia\ig\gco (máster) 15-16\esqueletos\freeglut project 3d (2012)\debug\freeglut project 3d.exe
c:\users\user\desktop\docencia\ig\gco (máster) 15-16\esqueletos\freeglut project 3d (2012)\debug\freeglut project 3d.pdb
c:\users\user\desktop\freeglut project 3d (2012)\debug\freeglut project 3d.ilk
c:\users\user\desktop\freeglut project 3d (2012)\debug\freeglut project 3d.exe
c:\users\user\desktop\freeglut project 3d (2012)\debug\freeglut project 3d.pdb
c:\hlocal\ig2.1\freeglut project 3d\debug\vc120.pdb
c:\hlocal\ig2.1\freeglut project 3d\debug\vc120.idb
c:\hlocal\ig2.1\freeglut project 3d\debug\arbol.obj
c:\hlocal\ig2.1\freeglut project 3d\debug\cara.obj
c:\hlocal\ig2.1\freeglut project 3d\debug\main.obj
c:\hlocal\ig2.1\freeglut project 3d\debug\malla.obj
c:\hlocal\ig2.1\freeglut project 3d\debug\objetocompuesto.obj
c:\hlocal\ig2.1\freeglut project 3d\debug\objetocuadrico.obj
c:\hlocal\ig2.1\freeglut project 3d\debug\puntovector3d.obj
c:\hlocal\ig2.1\freeglut project 3d\debug\coche.obj
c:\hlocal\ig2.1\freeglut project 3d\debug\escena.obj
c:\hlocal\ig2.1\debug\freeglut project 3d.ilk
c:\hlocal\ig2.1\debug\freeglut project 3d.exe
c:\hlocal\ig2.1\debug\freeglut project 3d.pdb
c:\hlocal\ig2.1\freeglut project 3d\debug\cl.command.1.tlog
c:\hlocal\ig2.1\freeglut project 3d\debug\cl.read.1.tlog
c:\hlocal\ig2.1\freeglut project 3d\debug\cl.write.1.tlog
c:\hlocal\ig2.1\freeglut project 3d\debug\link-cvtres.read.1.tlog
c:\hlocal\ig2.1\freeglut project 3d\debug\link-cvtres.write.1.tlog
c:\hlocal\ig2.1\freeglut project 3d\debug\link-rc.read.1.tlog
c:\hlocal\ig2.1\freeglut project 3d\debug\link-rc.write.1.tlog
c:\hlocal\ig2.1\freeglut project 3d\debug\link.command.1.tlog
c:\hlocal\ig2.1\freeglut project 3d\debug\link.read.1.tlog
c:\hlocal\ig2.1\freeglut project 3d\debug\link.write.1.tlog
c:\hlocal\ig2.1\freeglut project 3d\debug\vc110.idb
c:\hlocal\ig2.1\freeglut project 3d\debug\vc110.pdb
c:\hlocal\ig2.1\freeglut project 3d\debug\freeglut.7b0bffd4.tlog\cl.command.1.tlog
c:\hlocal\ig2.1\freeglut project 3d\debug\freeglut.7b0bffd4.tlog\cl.read.1.tlog
c:\hlocal\ig2.1\freeglut project 3d\debug\freeglut.7b0bffd4.tlog\cl.write.1.tlog
c:\hlocal\ig2.1\freeglut project 3d\debug\freeglut.7b0bffd4.tlog\link.command.1.tlog
c:\hlocal\ig2.1\freeglut project 3d\debug\freeglut.7b0bffd4.tlog\link.read.1.tlog
c:\hlocal\ig2.1\freeglut project 3d\debug\freeglut.7b0bffd4.tlog\link.write.1.tlog
